#
# A fatal error has been detected by the Java Runtime Environment:
#
#  EXCEPTION_ACCESS_VIOLATION (0xc0000005) at pc=0x000000e3a5b77170, pid=7864, tid=14792
#
# JRE version:  (11.0.4+10) (build )
# Java VM: OpenJDK 64-Bit Server VM (11.0.4+10-b304.77, mixed mode, aot, sharing, tiered, compressed oops, g1 gc, windows-amd64)
# Problematic frame:
# C  0x000000e3a5b77170
#
# No core dump will be written. Minidumps are not enabled by default on client versions of Windows
#
# If you would like to submit a bug report, please visit:
#   http://bugreport.java.com/bugreport/crash.jsp
#

---------------  S U M M A R Y ------------

Command Line: -agentlib:jdwp=transport=dt_socket,address=127.0.0.1:54304,suspend=y,server=n -javaagent:C:\Users\xl_ec\.IntelliJIdea2019.2\system\captureAgent\debugger-agent.jar -Dfile.encoding=UTF-8 com.echo.one.produceBookData

Host: Intel(R) Core(TM) i5-6300HQ CPU @ 2.30GHz, 4 cores, 11G,  Windows 10 , 64 bit Build 10240 (10.0.10240.17113)
Time: Fri Dec 16 13:53:05 2022 ?D1¨²¡À¨º¡Á?¨º¡À?? elapsed time: 0 seconds (0d 0h 0m 0s)

---------------  T H R E A D  ---------------

Current thread is native thread

Stack: [0x000000e3a5810000,0x000000e3a5910000],  sp=0x000000e3a590eb98,  free space=1018k
Native frames: (J=compiled Java code, j=interpreted, Vv=VM code, C=native code)
C  0x000000e3a5b77170


siginfo: EXCEPTION_ACCESS_VIOLATION (0xc0000005), data execution prevention violation at address 0x000000e3a5b77170


Registers:
RAX=0x000000e3a421ef50, RBX=0x0000000000000000, RCX=0x000000e3a5b77170, RDX=0x000000e3a590ee78
RSP=0x000000e3a590eb98, RBP=0x000000e3a590ecc0, RSI=0x000000e3a590eef0, RDI=0x000000e3a590eeb0
R8 =0x0000000000000001, R9 =0x000000e3a590eef0, R10=0x000000000000b570, R11=0x000000e3a590eb80
R12=0x0000000000000000, R13=0x000000e3a590ee78, R14=0x0000000000000000, R15=0x0000000000000007
RIP=0x000000e3a5b77170, EFLAGS=0x0000000000010297

Top of Stack: (sp=0x000000e3a590eb98)
0x000000e3a590eb98:   00007ffc73d4562a 0000000000000000
0x000000e3a590eba8:   000000e3a590ecc0 000000e3a590eef0
0x000000e3a590ebb8:   0000000000000000 000000e3a590eca8
0x000000e3a590ebc8:   000000e3a590f0f0 0000000000100080
0x000000e3a590ebd8:   000000e3a590f168 000000e3a590f108
0x000000e3a590ebe8:   00007ffc00000007 0000000000000000
0x000000e3a590ebf8:   0000000000000000 0000000000000000
0x000000e3a590ec08:   000000e300000001 000000e300004020
0x000000e3a590ec18:   0000000000000000 0000000000000000
0x000000e3a590ec28:   000000e3a590ee70 000000e3a590eeb0
0x000000e3a590ec38:   0000000000000000 00007ffc73de4b08
0x000000e3a590ec48:   0000000000100080 000000e3a5b80000
0x000000e3a590ec58:   000000e3a590ee80 0000000000000000
0x000000e3a590ec68:   0000000000000007 00007ffc73de4b08
0x000000e3a590ec78:   0000000000000020 000000e3a5b70000
0x000000e3a590ec88:   0000000000000002 0000000000000000 

Instructions: (pc=0x000000e3a5b77170)
0x000000e3a5b77070:   01 00 00 00 75 00 72 00 06 5f 1b ef 67 0d 00 80
0x000000e3a5b77080:   01 00 00 00 5c 00 64 00 09 5f 18 ef 75 0e 00 8c
0x000000e3a5b77090:   01 00 00 00 72 00 2d 00 08 5f 19 ef 65 0f 00 8c
0x000000e3a5b770a0:   01 00 00 00 6a 00 61 00 0b 5f 1e ef 56 10 00 8c
0x000000e3a5b770b0:   01 00 00 00 6c 00 69 00 0a 5f 1f ef 4c 11 00 8c
0x000000e3a5b770c0:   01 00 00 00 e3 00 00 00 0d 5f 1c ef e3 12 00 80
0x000000e3a5b770d0:   00 00 00 00 72 00 73 00 0c 5f 1d ef 6c 13 00 80
0x000000e3a5b770e0:   00 00 00 00 5c 00 2e 00 0f 5f 12 ef 74 14 00 88
0x000000e3a5b770f0:   00 71 b7 a5 e3 00 00 00 0e 5f 13 ef 65 15 00 88
0x000000e3a5b77100:   e8 81 e0 74 fc 7f 00 00 11 5f 10 ef 5c 16 00 8c
0x000000e3a5b77110:   01 00 00 00 74 00 65 00 10 5f 11 ef 63 17 00 8c
0x000000e3a5b77120:   01 00 00 00 75 00 72 00 13 5f 16 ef 67 18 00 8c
0x000000e3a5b77130:   01 00 00 00 5c 00 64 00 12 5f 17 ef 75 19 00 80
0x000000e3a5b77140:   00 00 00 00 72 00 2d 00 15 5f 14 ef 65 1a 00 80
0x000000e3a5b77150:   00 00 00 00 6a 00 61 00 72 00 00 00 73 00 65 00
0x000000e3a5b77160:   73 00 73 00 69 00 6f 00 2f a2 df dc 66 de 01 00
0x000000e3a5b77170:   20 97 b8 a5 e3 00 00 00 b0 47 b8 a5 e3 00 00 00
0x000000e3a5b77180:   00 47 b8 a5 e3 00 00 00 50 01 21 a4 e3 00 00 00
0x000000e3a5b77190:   39 00 41 00 4a 00 57 00 ad a2 d6 57 44 de 01 10
0x000000e3a5b771a0:   e0 62 b7 a5 e3 00 00 00 00 61 b7 a5 e3 00 00 00
0x000000e3a5b771b0:   0b 00 00 00 c0 d0 e0 f0 e1 59 93 77 47 00 35 00
0x000000e3a5b771c0:   0a 00 00 00 00 00 00 00 d0 71 b7 a5 e3 00 00 00
0x000000e3a5b771d0:   31 fc ff ff ff ff ff ff 59 00 35 00 51 00 46 00
0x000000e3a5b771e0:   46 00 57 00 56 00 4d 00 1f 5f 0e ef 4d 00 00 90
0x000000e3a5b771f0:   00 00 00 00 00 00 00 00 00 00 00 00 00 00 00 00
0x000000e3a5b77200:   08 4b de 73 fc 7f 00 00 56 00 55 00 41 00 41 00
0x000000e3a5b77210:   00 00 65 00 6e 00 74 00 49 00 6e 00 73 00 74 00
0x000000e3a5b77220:   00 00 00 00 00 00 00 00 07 00 00 00 00 00 00 00
0x000000e3a5b77230:   08 4b de 73 fc 7f 00 00 69 00 63 00 79 00 5c 00
0x000000e3a5b77240:   00 00 76 00 35 00 2d 00 61 00 67 00 65 00 6e 00
0x000000e3a5b77250:   00 00 00 00 00 00 00 00 07 00 00 00 00 00 00 00
0x000000e3a5b77260:   00 00 4c 00 56 00 50 00 08 4b de 73 fc 7f 00 00 



---------------  P R O C E S S  ---------------

VM state:not at safepoint (not fully initialized)

VM Mutex/Monitor currently owned by a thread: None


[error occurred during error reporting (printing compressed oops mode), id 0xc0000005, EXCEPTION_ACCESS_VIOLATION (0xc0000005) at pc=0x00007ffc4a4bc557]

Deoptimization events (0 events):
No events

Classes redefined (0 events):
No events

Internal exceptions (0 events):
No events

Events (0 events):
No events


Dynamic libraries:
0x00007ff74ee00000 - 0x00007ff74ee47000 	F:\develop\idea\install\IntelliJ IDEA 2019.2.4\jbr\bin\java.exe
0x00007ffc82970000 - 0x00007ffc82b32000 	C:\WINDOWS\SYSTEM32\ntdll.dll
0x00007ffc80180000 - 0x00007ffc8022d000 	C:\WINDOWS\system32\KERNEL32.DLL
0x00007ffc7fc20000 - 0x00007ffc7fdfd000 	C:\WINDOWS\system32\KERNELBASE.dll
0x00007ffc80c40000 - 0x00007ffc80d8e000 	C:\WINDOWS\system32\USER32.dll
0x00007ffc82500000 - 0x00007ffc82684000 	C:\WINDOWS\system32\GDI32.dll
0x00007ffc73910000 - 0x00007ffc73b84000 	C:\WINDOWS\WinSxS\amd64_microsoft.windows.common-controls_6595b64144ccf1df_6.0.10240.17184_none_f41d7a705752bce6\COMCTL32.dll
0x00007ffc80590000 - 0x00007ffc8062d000 	C:\WINDOWS\system32\msvcrt.dll
0x00007ffc80230000 - 0x00007ffc80266000 	C:\WINDOWS\system32\IMM32.DLL
0x00007ffc80940000 - 0x00007ffc80a9c000 	C:\WINDOWS\system32\MSCTF.dll
0x00007ffc7f250000 - 0x00007ffc7f2bf000 	C:\WINDOWS\LVUAAgentInstBaseRoot\system32\Vozokopot.dll
0x00007ffc70580000 - 0x00007ffc70597000 	F:\develop\idea\install\IntelliJ IDEA 2019.2.4\jbr\bin\vcruntime140.dll
0x00007ffc77a50000 - 0x00007ffc77b42000 	C:\WINDOWS\SYSTEM32\ucrtbase.dll
0x00007ffc468c0000 - 0x00007ffc4695d000 	F:\develop\idea\install\IntelliJ IDEA 2019.2.4\jbr\bin\msvcp140.dll
0x00007ffc49dd0000 - 0x00007ffc4a888000 	F:\develop\idea\install\IntelliJ IDEA 2019.2.4\jbr\bin\server\jvm.dll
0x00007ffc82330000 - 0x00007ffc823d6000 	C:\WINDOWS\system32\ADVAPI32.dll
0x00007ffc823e0000 - 0x00007ffc8243b000 	C:\WINDOWS\system32\sechost.dll
0x00007ffc80270000 - 0x00007ffc80396000 	C:\WINDOWS\system32\RPCRT4.dll
0x00007ffc80b60000 - 0x00007ffc80b68000 	C:\WINDOWS\system32\PSAPI.DLL
0x00007ffc7d480000 - 0x00007ffc7d4a3000 	C:\WINDOWS\SYSTEM32\WINMM.dll
0x00007ffc73750000 - 0x00007ffc73759000 	C:\WINDOWS\SYSTEM32\WSOCK32.dll
0x00007ffc785f0000 - 0x00007ffc785fa000 	C:\WINDOWS\SYSTEM32\VERSION.dll
0x00007ffc822c0000 - 0x00007ffc82329000 	C:\WINDOWS\system32\WS2_32.dll
0x00007ffc80aa0000 - 0x00007ffc80aa8000 	C:\WINDOWS\system32\NSI.dll
0x000000e3a57e0000 - 0x000000e3a580c000 	C:\WINDOWS\SYSTEM32\WINMMBASE.dll
0x00007ffc7f430000 - 0x00007ffc7f474000 	C:\WINDOWS\system32\cfgmgr32.dll
0x00007ffc7dc00000 - 0x00007ffc7dc27000 	C:\WINDOWS\SYSTEM32\DEVOBJ.dll
0x00007ffc73b90000 - 0x00007ffc73f08000 	C:\WINDOWS\LVUAAgentInstBaseRoot\system32\MozartBreathCore.dll
0x00007ffc80860000 - 0x00007ffc80937000 	C:\WINDOWS\system32\COMDLG32.dll
0x00007ffc82690000 - 0x00007ffc8290c000 	C:\WINDOWS\system32\combase.dll
0x00007ffc79d30000 - 0x00007ffc79d68000 	C:\WINDOWS\SYSTEM32\IPHLPAPI.DLL
0x00007ffc7f530000 - 0x00007ffc7f5e3000 	C:\WINDOWS\system32\shcore.dll
0x00007ffc82440000 - 0x00007ffc82491000 	C:\WINDOWS\system32\SHLWAPI.dll
0x00007ffc7d2e0000 - 0x00007ffc7d2f3000 	C:\WINDOWS\SYSTEM32\WTSAPI32.dll
0x00007ffc80d90000 - 0x00007ffc822b3000 	C:\WINDOWS\system32\SHELL32.dll
0x00007ffc7f5f0000 - 0x00007ffc7fc19000 	C:\WINDOWS\system32\windows.storage.dll
0x00007ffc7e4d0000 - 0x00007ffc7e4ec000 	C:\WINDOWS\SYSTEM32\MPR.dll
0x00007ffc7f390000 - 0x00007ffc7f39f000 	C:\WINDOWS\system32\kernel.appcore.dll
0x00007ffc7e910000 - 0x00007ffc7e9b8000 	C:\WINDOWS\SYSTEM32\DNSAPI.dll
0x00007ffc7f3e0000 - 0x00007ffc7f42a000 	C:\WINDOWS\system32\powrprof.dll
0x00007ffc7f3a0000 - 0x00007ffc7f3b3000 	C:\WINDOWS\system32\profapi.dll
0x00007ffc763a0000 - 0x00007ffc76424000 	C:\WINDOWS\SYSTEM32\WINSPOOL.DRV
0x00007ffc80030000 - 0x00007ffc80171000 	C:\WINDOWS\system32\ole32.dll
0x00007ffc80b70000 - 0x00007ffc80c32000 	C:\WINDOWS\system32\OLEAUT32.dll
0x00007ffc79df0000 - 0x00007ffc79dfb000 	C:\WINDOWS\SYSTEM32\WINNSI.DLL
0x00007ffc7f2c0000 - 0x00007ffc7f2e8000 	C:\WINDOWS\SYSTEM32\bcrypt.dll
0x00007ffc73730000 - 0x00007ffc7374f000 	C:\WINDOWS\LVUAAgentInstBaseRoot\system32\MozartBreathOM.dll
0x00007ffc4ad70000 - 0x00007ffc4ad81000 	F:\develop\idea\install\IntelliJ IDEA 2019.2.4\jbr\bin\verify.dll
0x00007ffc783c0000 - 0x00007ffc7854a000 	C:\WINDOWS\SYSTEM32\DBGHELP.DLL
0x00007ffc76eb0000 - 0x00007ffc76ed5000 	C:\WINDOWS\SYSTEM32\dbgcore.DLL
0x00007ffc74df0000 - 0x00007ffc74e17000 	C:\WINDOWS\LVUAAgentInstBaseRoot\system32\MozartBreathFw.dll
0x00007ffc734e0000 - 0x00007ffc7360d000 	C:\WINDOWS\LVUAAgentInstBaseRoot\system32\MozartBreathProcess.dll
0x00007ffc49da0000 - 0x00007ffc49dc9000 	F:\develop\idea\install\IntelliJ IDEA 2019.2.4\jbr\bin\java.dll
0x00007ffc74d70000 - 0x00007ffc74de7000 	C:\WINDOWS\LVUAAgentInstBaseRoot\system32\MozartBreathBolo2.dll
0x00007ffc73470000 - 0x00007ffc7349b000 	C:\WINDOWS\LVUAAgentInstBaseRoot\system32\MozartBreathProtect.dll
0x00007ffc71fd0000 - 0x00007ffc72008000 	F:\develop\idea\install\IntelliJ IDEA 2019.2.4\jbr\bin\jdwp.dll
0x00007ffc49d60000 - 0x00007ffc49d94000 	F:\develop\idea\install\IntelliJ IDEA 2019.2.4\jbr\bin\instrument.dll

dbghelp: loaded successfully - version: 4.0.5 - missing functions: none
symbol engine: initialized successfully - sym options: 0x614 - pdb path: .;F:\develop\idea\install\IntelliJ IDEA 2019.2.4\jbr\bin;C:\WINDOWS\SYSTEM32;C:\WINDOWS\WinSxS\amd64_microsoft.windows.common-controls_6595b64144ccf1df_6.0.10240.17184_none_f41d7a705752bce6;C:\WINDOWS\LVUAAgentInstBaseRoot\system32;F:\develop\idea\install\IntelliJ IDEA 2019.2.4\jbr\bin\server

VM Arguments:
jvm_args: -agentlib:jdwp=transport=dt_socket,address=127.0.0.1:54304,suspend=y,server=n -javaagent:C:\Users\xl_ec\.IntelliJIdea2019.2\system\captureAgent\debugger-agent.jar -Dfile.encoding=UTF-8 
java_command: com.echo.one.produceBookData
java_class_path (initial): F:\codework\dataMigration\target\test-classes;F:\codework\dataMigration\target\classes;F:\develop\maven\lib\org\springframework\boot\spring-boot-starter-web\2.7.5\spring-boot-starter-web-2.7.5.jar;F:\develop\maven\lib\org\springframework\boot\spring-boot-starter\2.7.5\spring-boot-starter-2.7.5.jar;F:\develop\maven\lib\org\springframework\boot\spring-boot\2.7.5\spring-boot-2.7.5.jar;F:\develop\maven\lib\org\springframework\boot\spring-boot-starter-logging\2.7.5\spring-boot-starter-logging-2.7.5.jar;F:\develop\maven\lib\ch\qos\logback\logback-classic\1.2.11\logback-classic-1.2.11.jar;F:\develop\maven\lib\ch\qos\logback\logback-core\1.2.11\logback-core-1.2.11.jar;F:\develop\maven\lib\org\apache\logging\log4j\log4j-to-slf4j\2.17.2\log4j-to-slf4j-2.17.2.jar;F:\develop\maven\lib\org\apache\logging\log4j\log4j-api\2.17.2\log4j-api-2.17.2.jar;F:\develop\maven\lib\org\slf4j\jul-to-slf4j\1.7.36\jul-to-slf4j-1.7.36.jar;F:\develop\maven\lib\jakarta\annotation\jakarta.annotation-api\1.3.5\jakarta.annotation-api-1.3.5.jar;F:\develop\maven\lib\org\yaml\snakeyaml\1.30\snakeyaml-1.30.jar;F:\develop\maven\lib\org\springframework\boot\spring-boot-starter-json\2.7.5\spring-boot-starter-json-2.7.5.jar;F:\develop\maven\lib\com\fasterxml\jackson\core\jackson-databind\2.13.4.2\jackson-databind-2.13.4.2.jar;F:\develop\maven\lib\com\fasterxml\jackson\core\jackson-annotations\2.13.4\jackson-annotations-2.13.4.jar;F:\develop\maven\lib\com\fasterxml\jackson\core\jackson-core\2.13.4\jackson-core-2.13.4.jar;F:\develop\maven\lib\com\fasterxml\jackson\datatype\jackson-datatype-jdk8\2.13.4\jackson-datatype-jdk8-2.13.4.jar;F:\develop\maven\lib\com\fasterxml\jackson\datatype\jackson-datatype-jsr310\2.13.4\jackson-datatype-jsr310-2.13.4.jar;F:\develop\maven\lib\com\fasterxml\jackson\module\jackson-module-parameter-names\2.13.4\jackson-module-parameter-names-2.13.4.jar;F:\develop\maven\lib\org\springframework\boot\spring-boot-starter-tomcat\2.7.5\spring-boot-starter-tomcat-2
Launcher Type: SUN_STANDARD

[Global flags]
     uint G1ConcRefinementThreads                  = 4                                         {product} {ergonomic}
    uintx GCDrainStackTargetSize                   = 64                                        {product} {ergonomic}
   size_t InitialHeapSize                          = 199620480                                 {product} {ergonomic}
   size_t MaxHeapSize                              = 3193927680                                {product} {ergonomic}
    uintx ReservedCodeCacheSize                    = 251658240                              {pd product} {ergonomic}
     bool SegmentedCodeCache                       = true                                      {product} {ergonomic}
     bool UseCompressedClassPointers               = true                                 {lp64_product} {ergonomic}
     bool UseCompressedOops                        = true                                 {lp64_product} {ergonomic}
     bool UseG1GC                                  = true                                      {product} {ergonomic}
     bool UseLargePagesIndividualAllocation        = false                                  {pd product} {ergonomic}

Logging:
Log output configuration:
 #0: stdout all=warning uptime,level,tags
 #1: stderr all=off uptime,level,tags

Environment Variables:
PATH=F:\develop\crt\install\;C:\Program Files (x86)\Common Files\Oracle\Java\javapath;C:\WINDOWS\system32;C:\WINDOWS;C:\WINDOWS\System32\Wbem;C:\WINDOWS\System32\WindowsPowerShell\v1.0\;F:\develop\node\install\;F:\develop\git\install\Git\cmd;F:\develop\maven\apache-maven-3.6.3-ali;F:\develop\svn\install\bin;F:\develop\apache-tomcat-8.5.58;C:\Users\xl_ec\AppData\Roaming\npm;F:\develop\idea\install\IntelliJ IDEA 2019.2.4\bin;;F:\develop\maven\apache-maven-3.6.3-ali\bin;F:\develop\apache-tomcat-8.5.58\bin;F:\develop\apache-tomcat-8.5.58\lib;
USERNAME=xl_ec
OS=Windows_NT
PROCESSOR_IDENTIFIER=Intel64 Family 6 Model 94 Stepping 3, GenuineIntel



---------------  S Y S T E M  ---------------

OS: Windows 10 , 64 bit Build 10240 (10.0.10240.17113)

CPU:total 4 (initial active 4) 

Memory: 4k page, system-wide physical 12183M (5518M free)
TotalPageFile size 14039M (AvailPageFile size 5429M)
current process WorkingSet (physical memory assigned to process): 15M, peak: 15M
current process commit charge ("private bytes"): 5M, peak: 6M

vm_info: OpenJDK 64-Bit Server VM (11.0.4+10-b304.77) for windows-amd64 JRE (11.0.4+10-b304.77), built on Oct 10 2019 15:02:36 by "" with MS VC++ 14.0 (VS2015)

END.
